I, [2018-12-05T20:35:03.051498 #10411]  INFO -- : Request: GET /tests/1
I, [2018-12-05T20:35:03.057039 #10411]  INFO -- : Handler: TestsController#show
I, [2018-12-05T20:35:03.058261 #10411]  INFO -- : Parameters: {"test_id"=>"1"}
I, [2018-12-05T20:35:03.058524 #10411]  INFO -- : Response: status 200 response-type text/html 
I, [2018-12-05T20:35:03.058650 #10411]  INFO -- : Response: response-body I'm show action
The id of this request is 1

I, [2018-12-05T20:35:08.747242 #10411]  INFO -- : Request: GET /tests/
I, [2018-12-05T20:35:08.747695 #10411]  INFO -- : Handler: TestsController#index
I, [2018-12-05T20:35:08.748231 #10411]  INFO -- : Parameters: {}
I, [2018-12-05T20:35:08.748429 #10411]  INFO -- : Response: status 201 response-type text/html 
I, [2018-12-05T20:39:26.112282 #10667]  INFO -- : Request: GET /tests/
I, [2018-12-05T20:39:26.116381 #10667]  INFO -- : Handler: TestsController#index
I, [2018-12-05T20:39:26.117143 #10667]  INFO -- : Parameters: {}
I, [2018-12-05T20:39:26.117434 #10667]  INFO -- : Response: status 201 response-type text/html 
I, [2018-12-05T20:39:28.273667 #10667]  INFO -- : Request: GET /tests/1
I, [2018-12-05T20:39:28.274394 #10667]  INFO -- : Handler: TestsController#show
I, [2018-12-05T20:39:28.276561 #10667]  INFO -- : Parameters: {"test_id"=>"1"}
I, [2018-12-05T20:39:28.277041 #10667]  INFO -- : Response: status 200 response-type text/html 
I, [2018-12-05T20:41:01.191291 #10787]  INFO -- : Request: GET /tests/1
I, [2018-12-05T20:41:01.197133 #10787]  INFO -- : Handler: TestsController#show
I, [2018-12-05T20:41:01.198333 #10787]  INFO -- : Parameters: {"test_id"=>"1"}
I, [2018-12-05T20:41:01.198659 #10787]  INFO -- : Response: status 200 response-type text/html 
I, [2018-12-05T20:41:01.199253 #10787]  INFO -- : Response: response-body I'm show action
The id of this request is 1

I, [2018-12-05T20:41:04.493572 #10787]  INFO -- : Request: GET /tests/
I, [2018-12-05T20:41:04.494012 #10787]  INFO -- : Handler: TestsController#index
I, [2018-12-05T20:41:04.494622 #10787]  INFO -- : Parameters: {}
I, [2018-12-05T20:41:04.494834 #10787]  INFO -- : Response: status 201 response-type text/html 
I, [2018-12-05T20:41:04.495218 #10787]  INFO -- : Response: response-body tests/index
I, [2018-12-05T20:41:41.228025 #10828]  INFO -- : Request: GET /tests/
I, [2018-12-05T20:41:41.235262 #10828]  INFO -- : Handler: TestsController#index
I, [2018-12-05T20:41:41.236242 #10828]  INFO -- : Parameters: {}
I, [2018-12-05T20:41:41.236489 #10828]  INFO -- : Response: status 201 response-type text/html 
I, [2018-12-05T20:41:41.237055 #10828]  INFO -- : Response: response-body tests/index
I, [2018-12-05T20:41:52.611388 #10849]  INFO -- : Request: GET /tests/
I, [2018-12-05T20:41:52.615192 #10849]  INFO -- : Handler: TestsController#index
I, [2018-12-05T20:41:52.616251 #10849]  INFO -- : Parameters: {}
I, [2018-12-05T20:41:52.616514 #10849]  INFO -- : Response: status 201 response-type text/html 
I, [2018-12-05T20:41:52.616951 #10849]  INFO -- : Response: response-body tests/index.html.erb
I, [2018-12-10T17:36:08.667009 #3022]  INFO -- : Request: GET /
I, [2018-12-10T17:36:16.837033 #3022]  INFO -- : Request: GET /test
I, [2018-12-10T17:36:18.396071 #3022]  INFO -- : Request: GET /tests
I, [2018-12-10T17:36:18.400218 #3022]  INFO -- : Handler: TestsController#index
I, [2018-12-10T17:36:18.401712 #3022]  INFO -- : Parameters: {}
I, [2018-12-10T17:36:18.401834 #3022]  INFO -- : Response: status 201 response-type text/html 
I, [2018-12-10T17:36:18.402079 #3022]  INFO -- : Response: response-body tests/index.html.erb
I, [2018-12-10T17:36:21.880644 #3022]  INFO -- : Request: GET /tests/1
I, [2018-12-10T17:36:21.880848 #3022]  INFO -- : Handler: TestsController#show
I, [2018-12-10T17:36:21.881230 #3022]  INFO -- : Parameters: {"test_id"=>"1"}
I, [2018-12-10T17:36:21.881327 #3022]  INFO -- : Response: status 200 response-type text/html 
I, [2018-12-10T17:36:21.881576 #3022]  INFO -- : Response: response-body I'm show action
The id of this request is 1

I, [2018-12-10T17:36:24.149591 #3022]  INFO -- : Request: GET /tests/13
I, [2018-12-10T17:36:24.150869 #3022]  INFO -- : Handler: TestsController#show
I, [2018-12-10T17:36:24.151183 #3022]  INFO -- : Parameters: {"test_id"=>"13"}
I, [2018-12-10T17:36:24.151273 #3022]  INFO -- : Response: status 200 response-type text/html 
I, [2018-12-10T17:36:24.151514 #3022]  INFO -- : Response: response-body I'm show action
The id of this request is 13

I, [2018-12-10T17:36:25.832281 #3022]  INFO -- : Request: GET /tests/1334534
I, [2018-12-10T17:36:25.832659 #3022]  INFO -- : Handler: TestsController#show
I, [2018-12-10T17:36:25.833025 #3022]  INFO -- : Parameters: {"test_id"=>"1334534"}
I, [2018-12-10T17:36:25.833180 #3022]  INFO -- : Response: status 200 response-type text/html 
I, [2018-12-10T17:36:25.833446 #3022]  INFO -- : Response: response-body I'm show action
The id of this request is 1334534

I, [2018-12-10T17:36:27.471956 #3022]  INFO -- : Request: GET /tests/1334534/
I, [2018-12-10T17:36:27.472248 #3022]  INFO -- : Handler: TestsController#show
I, [2018-12-10T17:36:27.472598 #3022]  INFO -- : Parameters: {"test_id"=>"1334534"}
I, [2018-12-10T17:36:27.472688 #3022]  INFO -- : Response: status 200 response-type text/html 
I, [2018-12-10T17:36:27.472883 #3022]  INFO -- : Response: response-body I'm show action
The id of this request is 1334534

I, [2018-12-10T17:36:29.549829 #3022]  INFO -- : Request: GET /tests/1334534/dsf
I, [2018-12-10T17:42:13.437195 #3103]  INFO -- : Request: GET /tests/1334534/
I, [2018-12-10T17:42:13.440681 #3103]  INFO -- : Handler: TestsController#show
I, [2018-12-10T17:42:13.441061 #3103]  INFO -- : Parameters: {"test_id"=>"1334534"}
I, [2018-12-10T17:42:13.441188 #3103]  INFO -- : Response: status 200 response-type text/html 
I, [2018-12-10T17:42:13.441410 #3103]  INFO -- : Response: response-body I'm show action
The id of this request is 1334534

I, [2018-12-10T17:42:17.209526 #3103]  INFO -- : Request: GET /te/
I, [2018-12-10T17:45:24.914826 #3141]  INFO -- : Request: GET /te/
I, [2018-12-10T17:45:28.763007 #3141]  INFO -- : Request: GET /tests/
I, [2018-12-10T17:45:28.766058 #3141]  INFO -- : Handler: TestsController#index
I, [2018-12-10T17:45:28.766461 #3141]  INFO -- : Parameters: {}
I, [2018-12-10T17:45:28.766558 #3141]  INFO -- : Response: status 201 response-type text/html 
I, [2018-12-10T17:45:28.766818 #3141]  INFO -- : Response: response-body tests/index.html.erb
I, [2018-12-10T17:46:16.913556 #3176]  INFO -- : Request: GET /tests/
I, [2018-12-10T17:46:16.916631 #3176]  INFO -- : Handler: TestsController#index
I, [2018-12-10T17:46:16.917017 #3176]  INFO -- : Parameters: {}
I, [2018-12-10T17:46:16.917147 #3176]  INFO -- : Response: status 201 response-type text/html 
I, [2018-12-10T17:46:16.917408 #3176]  INFO -- : Response: response-body tests/index.html.erb
I, [2018-12-10T17:46:18.897965 #3176]  INFO -- : Request: GET /tes/
I, [2018-12-10T17:47:02.990115 #3203]  INFO -- : Request: GET /tes/
I, [2018-12-10T17:47:09.543465 #3217]  INFO -- : Request: GET /tes/
I, [2018-12-10T17:47:11.315140 #3217]  INFO -- : Request: GET /tests/
I, [2018-12-10T17:47:11.318177 #3217]  INFO -- : Handler: TestsController#index
I, [2018-12-10T17:47:11.318539 #3217]  INFO -- : Parameters: {}
I, [2018-12-10T17:47:11.318638 #3217]  INFO -- : Response: status 201 response-type text/html 
I, [2018-12-10T17:47:11.318953 #3217]  INFO -- : Response: response-body tests/index.html.erb
I, [2018-12-10T17:47:32.619689 #3238]  INFO -- : Request: GET /tests/
I, [2018-12-10T17:47:32.623976 #3238]  INFO -- : Handler: TestsController#index
I, [2018-12-10T17:47:32.624343 #3238]  INFO -- : Parameters: {}
I, [2018-12-10T17:47:32.624440 #3238]  INFO -- : Response: status 201 response-type text/html 
I, [2018-12-10T17:47:32.624730 #3238]  INFO -- : Response: response-body tests/index.html.erb
I, [2018-12-10T17:47:35.503253 #3238]  INFO -- : Request: GET /tes/
I, [2018-12-10T17:48:05.148431 #3256]  INFO -- : Request: GET /tes/
I, [2018-12-10T17:48:16.674271 #3274]  INFO -- : Request: GET /tes/
I, [2018-12-10T17:48:22.454382 #3284]  INFO -- : Request: GET /tes/
I, [2018-12-10T17:48:45.041108 #3303]  INFO -- : Request: GET /tes/
I, [2018-12-10T17:48:56.946709 #3303]  INFO -- : Request: GET /tes/
I, [2018-12-10T17:49:00.830762 #3328]  INFO -- : Request: GET /tes/
I, [2018-12-10T17:49:15.224864 #3347]  INFO -- : Request: GET /tes/
I, [2018-12-10T17:49:25.659473 #3361]  INFO -- : Request: GET /tes/
I, [2018-12-10T17:50:06.061986 #3378]  INFO -- : Request: GET /tes/
I, [2018-12-10T17:51:51.740178 #3422]  INFO -- : Request: GET /tes/
I, [2018-12-10T17:52:29.483414 #3449]  INFO -- : Request: GET /tes/
I, [2018-12-10T17:52:33.549050 #3449]  INFO -- : Request: GET /tests/
I, [2018-12-10T17:52:33.552238 #3449]  INFO -- : Handler: TestsController#index
I, [2018-12-10T17:52:33.552598 #3449]  INFO -- : Parameters: {}
I, [2018-12-10T17:52:33.552700 #3449]  INFO -- : Response: status 201 response-type text/html 
I, [2018-12-10T17:52:33.552967 #3449]  INFO -- : Response: response-body tests/index.html.erb
I, [2018-12-10T18:00:54.579619 #3628]  INFO -- : Request: GET /tests
I, [2018-12-10T18:00:54.583031 #3628]  INFO -- : Handler: TestsController#index
I, [2018-12-10T18:00:54.583469 #3628]  INFO -- : Parameters: {}
I, [2018-12-10T18:00:54.583582 #3628]  INFO -- : Response: status 201 response-type text/html 
I, [2018-12-10T18:00:54.583832 #3628]  INFO -- : Response: response-body tests/index.html.erb
I, [2018-12-10T18:03:41.338655 #3657]  INFO -- : Request: GET /tests
I, [2018-12-10T18:03:41.342094 #3657]  INFO -- : Handler: TestsController#index
I, [2018-12-10T18:03:41.342670 #3657]  INFO -- : Parameters: {}
I, [2018-12-10T18:03:41.342815 #3657]  INFO -- : Response: status 201 response-type text/html 
I, [2018-12-10T18:03:41.343092 #3657]  INFO -- : Response: response-body tests/index.html.erb
I, [2018-12-10T18:03:46.900557 #3657]  INFO -- : Request: GET /tests/234234
I, [2018-12-10T18:03:46.901102 #3657]  INFO -- : Handler: TestsController#show
I, [2018-12-10T18:03:46.901422 #3657]  INFO -- : Parameters: {"test_id"=>"234234"}
I, [2018-12-10T18:03:46.901518 #3657]  INFO -- : Response: status 200 response-type text/html 
I, [2018-12-10T18:03:46.901853 #3657]  INFO -- : Response: response-body I'm show action
The id of this request is 234234

I, [2018-12-10T18:03:51.138554 #3657]  INFO -- : Request: GET /tests/asdfsdf
I, [2018-12-10T18:03:57.101487 #3657]  INFO -- : Request: GET /tests/wsad2
I, [2018-12-10T18:03:59.905465 #3657]  INFO -- : Request: GET /tests/34353
I, [2018-12-10T18:03:59.905715 #3657]  INFO -- : Handler: TestsController#show
I, [2018-12-10T18:03:59.906225 #3657]  INFO -- : Parameters: {"test_id"=>"34353"}
I, [2018-12-10T18:03:59.906319 #3657]  INFO -- : Response: status 200 response-type text/html 
I, [2018-12-10T18:03:59.907492 #3657]  INFO -- : Response: response-body I'm show action
The id of this request is 34353

I, [2018-12-10T18:04:01.099519 #3657]  INFO -- : Request: GET /tests/34353dsf
I, [2018-12-10T18:04:41.590858 #3701]  INFO -- : Request: GET /tests/34353dsf
I, [2018-12-10T18:05:17.493617 #3701]  INFO -- : Request: GET /tests/3435
I, [2018-12-10T18:05:17.499250 #3701]  INFO -- : Handler: TestsController#show
I, [2018-12-10T18:05:17.499684 #3701]  INFO -- : Parameters: {"test_id"=>"3435"}
I, [2018-12-10T18:05:17.499785 #3701]  INFO -- : Response: status 200 response-type text/html 
I, [2018-12-10T18:05:17.499991 #3701]  INFO -- : Response: response-body I'm show action
The id of this request is 3435

I, [2018-12-10T18:05:32.423142 #3728]  INFO -- : Request: GET /tests/3435
I, [2018-12-10T18:05:51.617450 #3748]  INFO -- : Request: GET /tests/3435
I, [2018-12-10T18:05:53.601309 #3748]  INFO -- : Request: GET /tests/a3435
I, [2018-12-10T18:05:57.153238 #3748]  INFO -- : Request: GET /tests/a3435
I, [2018-12-10T18:06:00.082950 #3748]  INFO -- : Request: GET /tests/
I, [2018-12-10T18:06:07.555423 #3780]  INFO -- : Request: GET /tests/a3435
I, [2018-12-10T18:06:09.753709 #3780]  INFO -- : Request: GET /tests/3435
I, [2018-12-10T18:06:09.757343 #3780]  INFO -- : Handler: TestsController#show
I, [2018-12-10T18:06:09.757806 #3780]  INFO -- : Parameters: {"test_id"=>"3435"}
I, [2018-12-10T18:06:09.757962 #3780]  INFO -- : Response: status 200 response-type text/html 
I, [2018-12-10T18:06:09.758201 #3780]  INFO -- : Response: response-body I'm show action
The id of this request is 3435

I, [2018-12-10T18:07:41.698169 #3802]  INFO -- : Request: GET /tests/3435
I, [2018-12-10T18:07:41.701999 #3802]  INFO -- : Handler: TestsController#show
I, [2018-12-10T18:07:41.702569 #3802]  INFO -- : Parameters: {"test_id"=>"3435"}
I, [2018-12-10T18:07:41.702678 #3802]  INFO -- : Response: status 200 response-type text/html 
I, [2018-12-10T18:07:41.702952 #3802]  INFO -- : Response: response-body I'm show action
The id of this request is 3435

I, [2018-12-10T18:08:09.025177 #3823]  INFO -- : Request: GET /tests/3435
I, [2018-12-10T18:08:09.028675 #3823]  INFO -- : Handler: TestsController#show
I, [2018-12-10T18:08:21.848906 #3846]  INFO -- : Request: GET /tests/3435
I, [2018-12-10T18:08:21.852676 #3846]  INFO -- : Handler: TestsController#show
I, [2018-12-10T18:08:21.853779 #3846]  INFO -- : Parameters: {"test_id"=>"3435"}
I, [2018-12-10T18:08:21.853891 #3846]  INFO -- : Response: status 200 response-type text/html 
I, [2018-12-10T18:08:21.854228 #3846]  INFO -- : Response: response-body I'm show action
The id of this request is 3435

I, [2018-12-10T18:08:56.837750 #3863]  INFO -- : Request: GET /tests/3435
I, [2018-12-10T18:08:56.841490 #3863]  INFO -- : Handler: TestsController#show
I, [2018-12-10T18:08:56.842691 #3863]  INFO -- : Parameters: {"test_id"=>"3435"}
I, [2018-12-10T18:08:56.842793 #3863]  INFO -- : Response: status 200 response-type text/html 
I, [2018-12-10T18:08:56.843038 #3863]  INFO -- : Response: response-body I'm show action
The id of this request is 3435

I, [2018-12-10T18:11:01.146164 #3891]  INFO -- : Request: GET /tests/3435
I, [2018-12-10T18:11:01.149285 #3891]  INFO -- : Handler: TestsController#show
I, [2018-12-10T18:11:01.150188 #3891]  INFO -- : Parameters: {"test_id"=>"3435"}
I, [2018-12-10T18:11:01.150287 #3891]  INFO -- : Response: status 200 response-type text/html 
I, [2018-12-10T18:11:01.150534 #3891]  INFO -- : Response: response-body I'm show action
The id of this request is 3435

I, [2018-12-10T18:11:05.914800 #3891]  INFO -- : Request: GET /tests/3435
I, [2018-12-10T18:11:05.915038 #3891]  INFO -- : Handler: TestsController#show
I, [2018-12-10T18:11:05.915865 #3891]  INFO -- : Parameters: {"test_id"=>"3435"}
I, [2018-12-10T18:11:05.915961 #3891]  INFO -- : Response: status 200 response-type text/html 
I, [2018-12-10T18:11:05.916209 #3891]  INFO -- : Response: response-body I'm show action
The id of this request is 3435

I, [2018-12-10T18:11:46.647565 #3912]  INFO -- : Request: GET /tests/3435
I, [2018-12-10T18:11:46.651026 #3912]  INFO -- : Handler: TestsController#show
I, [2018-12-10T18:11:46.651943 #3912]  INFO -- : Parameters: {"test_id"=>"3435"}
I, [2018-12-10T18:11:46.652043 #3912]  INFO -- : Response: status 200 response-type text/html 
I, [2018-12-10T18:11:46.652262 #3912]  INFO -- : Response: response-body I'm show action
The id of this request is 3435

I, [2018-12-10T18:15:34.646373 #4025]  INFO -- : Request: GET /tests/3435
I, [2018-12-10T18:15:34.649712 #4025]  INFO -- : Handler: TestsController#show
I, [2018-12-10T18:15:34.650615 #4025]  INFO -- : Parameters: {}
I, [2018-12-10T18:15:34.650742 #4025]  INFO -- : Response: status 200 response-type text/html 
I, [2018-12-10T18:15:34.650990 #4025]  INFO -- : Response: response-body I'm show action
The id of this request is 0

I, [2018-12-10T18:16:23.400732 #4051]  INFO -- : Request: GET /tests/3435
I, [2018-12-10T18:16:23.403860 #4051]  INFO -- : Handler: TestsController#show
I, [2018-12-10T18:16:23.404756 #4051]  INFO -- : Parameters: {}
I, [2018-12-10T18:16:23.404877 #4051]  INFO -- : Response: status 200 response-type text/html 
I, [2018-12-10T18:16:23.405146 #4051]  INFO -- : Response: response-body I'm show action
The id of this request is 0

I, [2018-12-10T18:16:39.238530 #4063]  INFO -- : Request: GET /tests/3435
I, [2018-12-10T18:16:39.242035 #4063]  INFO -- : Handler: TestsController#show
I, [2018-12-10T18:16:39.242940 #4063]  INFO -- : Parameters: {}
I, [2018-12-10T18:16:39.243065 #4063]  INFO -- : Response: status 200 response-type text/html 
I, [2018-12-10T18:16:39.243311 #4063]  INFO -- : Response: response-body I'm show action
The id of this request is 0

I, [2018-12-10T18:16:58.663640 #4078]  INFO -- : Request: GET /tests/3435
I, [2018-12-10T18:16:58.667167 #4078]  INFO -- : Handler: TestsController#show
I, [2018-12-10T18:16:58.668131 #4078]  INFO -- : Parameters: {}
I, [2018-12-10T18:16:58.668261 #4078]  INFO -- : Response: status 200 response-type text/html 
I, [2018-12-10T18:16:58.668554 #4078]  INFO -- : Response: response-body I'm show action
The id of this request is 0

I, [2018-12-10T18:17:13.755939 #4093]  INFO -- : Request: GET /tests/3435
I, [2018-12-10T18:17:13.759124 #4093]  INFO -- : Handler: TestsController#show
I, [2018-12-10T18:17:13.759467 #4093]  INFO -- : Parameters: {}
I, [2018-12-10T18:17:13.759565 #4093]  INFO -- : Response: status 200 response-type text/html 
I, [2018-12-10T18:17:13.759784 #4093]  INFO -- : Response: response-body I'm show action
The id of this request is 0

I, [2018-12-10T18:17:20.186962 #4103]  INFO -- : Request: GET /tests/3435
I, [2018-12-10T18:17:20.190387 #4103]  INFO -- : Handler: TestsController#show
I, [2018-12-10T18:17:20.190759 #4103]  INFO -- : Parameters: {}
I, [2018-12-10T18:17:20.190857 #4103]  INFO -- : Response: status 200 response-type text/html 
I, [2018-12-10T18:17:20.191089 #4103]  INFO -- : Response: response-body I'm show action
The id of this request is 0

I, [2018-12-10T18:17:49.937190 #4129]  INFO -- : Request: GET /tests/3435
I, [2018-12-10T18:17:49.940578 #4129]  INFO -- : Handler: TestsController#show
I, [2018-12-10T18:17:49.940990 #4129]  INFO -- : Parameters: {}
I, [2018-12-10T18:17:49.941121 #4129]  INFO -- : Response: status 200 response-type text/html 
I, [2018-12-10T18:17:49.941401 #4129]  INFO -- : Response: response-body I'm show action
The id of this request is 0

I, [2018-12-10T18:18:49.717320 #4157]  INFO -- : Request: GET /tests/3435
I, [2018-12-10T18:19:03.895084 #4167]  INFO -- : Request: GET /tests/3435
I, [2018-12-10T18:19:28.403656 #4189]  INFO -- : Request: GET /tests/3435
I, [2018-12-10T18:19:28.407364 #4189]  INFO -- : Handler: TestsController#show
I, [2018-12-10T18:19:28.407748 #4189]  INFO -- : Parameters: {}
I, [2018-12-10T18:19:28.407859 #4189]  INFO -- : Response: status 200 response-type text/html 
I, [2018-12-10T18:19:28.408066 #4189]  INFO -- : Response: response-body I'm show action
The id of this request is 0

I, [2018-12-10T18:19:38.520582 #4206]  INFO -- : Request: GET /tests/3435
I, [2018-12-10T18:19:38.523824 #4206]  INFO -- : Handler: TestsController#show
I, [2018-12-10T18:19:38.524136 #4206]  INFO -- : Parameters: {}
I, [2018-12-10T18:19:38.524236 #4206]  INFO -- : Response: status 200 response-type text/html 
I, [2018-12-10T18:19:38.524467 #4206]  INFO -- : Response: response-body I'm show action
The id of this request is 0

I, [2018-12-10T18:20:25.885222 #4231]  INFO -- : Request: GET /tests/3435
I, [2018-12-10T18:20:25.888504 #4231]  INFO -- : Handler: TestsController#show
I, [2018-12-10T18:20:25.889238 #4231]  INFO -- : Parameters: {}
I, [2018-12-10T18:20:25.889357 #4231]  INFO -- : Response: status 200 response-type text/html 
I, [2018-12-10T18:20:25.889575 #4231]  INFO -- : Response: response-body I'm show action
The id of this request is 0

I, [2018-12-10T18:20:44.271878 #4240]  INFO -- : Request: GET /tests/3435
I, [2018-12-10T18:20:44.275138 #4240]  INFO -- : Handler: TestsController#show
I, [2018-12-10T18:20:44.275924 #4240]  INFO -- : Parameters: {}
I, [2018-12-10T18:20:44.276021 #4240]  INFO -- : Response: status 200 response-type text/html 
I, [2018-12-10T18:20:44.276283 #4240]  INFO -- : Response: response-body I'm show action
The id of this request is 0

I, [2018-12-10T18:21:47.386532 #4286]  INFO -- : Request: GET /tests/3435
I, [2018-12-10T18:21:47.389736 #4286]  INFO -- : Handler: TestsController#show
I, [2018-12-10T18:22:08.866212 #4299]  INFO -- : Request: GET /tests/3435
I, [2018-12-10T18:22:08.869492 #4299]  INFO -- : Handler: TestsController#show
I, [2018-12-10T18:22:24.123170 #4317]  INFO -- : Request: GET /tests/3435
I, [2018-12-10T18:22:24.126988 #4317]  INFO -- : Handler: TestsController#show
I, [2018-12-10T18:23:34.131702 #4339]  INFO -- : Request: GET /tests/3435
I, [2018-12-10T18:23:34.135570 #4339]  INFO -- : Handler: TestsController#show
I, [2018-12-10T18:23:34.137058 #4339]  INFO -- : Parameters: {}
I, [2018-12-10T18:23:34.137166 #4339]  INFO -- : Response: status 200 response-type text/html 
I, [2018-12-10T18:23:34.137417 #4339]  INFO -- : Response: response-body I'm show action
The id of this request is 0

I, [2018-12-10T18:23:51.649951 #4354]  INFO -- : Request: GET /tests/3435
I, [2018-12-10T18:23:51.653265 #4354]  INFO -- : Handler: TestsController#show
I, [2018-12-10T18:23:51.654360 #4354]  INFO -- : Parameters: {}
I, [2018-12-10T18:23:51.654488 #4354]  INFO -- : Response: status 200 response-type text/html 
I, [2018-12-10T18:23:51.654784 #4354]  INFO -- : Response: response-body I'm show action
The id of this request is 0

I, [2018-12-10T18:24:03.116385 #4376]  INFO -- : Request: GET /tests/3435
I, [2018-12-10T18:24:03.120023 #4376]  INFO -- : Handler: TestsController#show
I, [2018-12-10T18:24:03.121485 #4376]  INFO -- : Parameters: {}
I, [2018-12-10T18:24:03.121609 #4376]  INFO -- : Response: status 200 response-type text/html 
I, [2018-12-10T18:24:03.121865 #4376]  INFO -- : Response: response-body I'm show action
The id of this request is 0

I, [2018-12-10T18:24:21.321057 #4402]  INFO -- : Request: GET /tests/3435
I, [2018-12-10T18:24:21.324577 #4402]  INFO -- : Handler: TestsController#show
I, [2018-12-10T18:24:21.325208 #4402]  INFO -- : Parameters: {}
I, [2018-12-10T18:24:21.325386 #4402]  INFO -- : Response: status 200 response-type text/html 
I, [2018-12-10T18:24:21.326913 #4402]  INFO -- : Response: response-body I'm show action
The id of this request is 0

I, [2018-12-10T18:24:49.237208 #4411]  INFO -- : Request: GET /tests/3435
I, [2018-12-10T18:24:49.240495 #4411]  INFO -- : Handler: TestsController#show
I, [2018-12-10T18:25:51.721496 #4448]  INFO -- : Request: GET /tests/3435
I, [2018-12-10T18:25:51.724953 #4448]  INFO -- : Handler: TestsController#show
I, [2018-12-10T18:25:51.725544 #4448]  INFO -- : Parameters: {"test_id"=>"3435"}
I, [2018-12-10T18:25:51.725675 #4448]  INFO -- : Response: status 200 response-type text/html 
I, [2018-12-10T18:25:51.725966 #4448]  INFO -- : Response: response-body I'm show action
The id of this request is 3435

I, [2018-12-10T18:27:55.013028 #4473]  INFO -- : Request: GET /tests/3435
I, [2018-12-10T18:27:55.016478 #4473]  INFO -- : Handler: TestsController#show
I, [2018-12-10T18:27:55.016968 #4473]  INFO -- : Parameters: {"test_id"=>"3435"}
I, [2018-12-10T18:27:55.017076 #4473]  INFO -- : Response: status 200 response-type text/html 
I, [2018-12-10T18:27:55.017306 #4473]  INFO -- : Response: response-body I'm show action
The id of this request is 3435

I, [2018-12-10T18:27:57.114881 #4473]  INFO -- : Request: GET /tests/343
I, [2018-12-10T18:27:57.115207 #4473]  INFO -- : Handler: TestsController#show
I, [2018-12-10T18:27:57.115718 #4473]  INFO -- : Parameters: {"test_id"=>"343"}
I, [2018-12-10T18:27:57.115808 #4473]  INFO -- : Response: status 200 response-type text/html 
I, [2018-12-10T18:27:57.116041 #4473]  INFO -- : Response: response-body I'm show action
The id of this request is 343

I, [2018-12-10T18:27:58.050003 #4473]  INFO -- : Request: GET /tests/343a
I, [2018-12-10T18:27:59.647509 #4473]  INFO -- : Request: GET /tests/343
I, [2018-12-10T18:27:59.647734 #4473]  INFO -- : Handler: TestsController#show
I, [2018-12-10T18:27:59.648073 #4473]  INFO -- : Parameters: {"test_id"=>"343"}
I, [2018-12-10T18:27:59.648161 #4473]  INFO -- : Response: status 200 response-type text/html 
I, [2018-12-10T18:27:59.648403 #4473]  INFO -- : Response: response-body I'm show action
The id of this request is 343

I, [2018-12-10T18:28:09.078134 #4473]  INFO -- : Request: GET /tests/
I, [2018-12-10T18:28:09.078437 #4473]  INFO -- : Handler: TestsController#index
I, [2018-12-10T18:28:09.078728 #4473]  INFO -- : Parameters: {}
I, [2018-12-10T18:28:09.078855 #4473]  INFO -- : Response: status 201 response-type text/html 
I, [2018-12-10T18:28:09.079086 #4473]  INFO -- : Response: response-body tests/index.html.erb
I, [2018-12-10T18:28:11.927652 #4473]  INFO -- : Request: GET /test/
I, [2018-12-10T18:28:14.423396 #4473]  INFO -- : Request: GET /tests/
I, [2018-12-10T18:28:14.423638 #4473]  INFO -- : Handler: TestsController#index
I, [2018-12-10T18:28:14.423989 #4473]  INFO -- : Parameters: {}
I, [2018-12-10T18:28:14.424083 #4473]  INFO -- : Response: status 201 response-type text/html 
I, [2018-12-10T18:28:14.424345 #4473]  INFO -- : Response: response-body tests/index.html.erb
I, [2018-12-10T18:28:15.806545 #4473]  INFO -- : Request: GET /tests/12
I, [2018-12-10T18:28:15.806833 #4473]  INFO -- : Handler: TestsController#show
I, [2018-12-10T18:28:15.807380 #4473]  INFO -- : Parameters: {"test_id"=>"12"}
I, [2018-12-10T18:28:15.807469 #4473]  INFO -- : Response: status 200 response-type text/html 
I, [2018-12-10T18:28:15.807680 #4473]  INFO -- : Response: response-body I'm show action
The id of this request is 12

